f:\外包\opengl-engine-master\engine\x64\debug\engine.pdb
f:\外包\opengl-engine-master\engine\x64\debug\engine.idb
f:\外包\opengl-engine-master\engine\x64\debug\triangle.obj
f:\外包\opengl-engine-master\engine\x64\debug\quad.obj
f:\外包\opengl-engine-master\engine\x64\debug\model.obj
f:\外包\opengl-engine-master\engine\x64\debug\shader_manager.obj
f:\外包\opengl-engine-master\engine\x64\debug\scene_manager.obj
f:\外包\opengl-engine-master\engine\x64\debug\model_manager.obj
f:\外包\opengl-engine-master\engine\x64\debug\engine_manager.obj
f:\外包\opengl-engine-master\engine\x64\debug\camera_manager.obj
f:\外包\opengl-engine-master\engine\x64\debug\init_glut.obj
f:\外包\opengl-engine-master\engine\x64\debug\init_glew.obj
f:\外包\opengl-engine-master\x64\debug\engine.lib
f:\外包\opengl-engine-master\x64\debug\engine.pdb
f:\外包\opengl-engine-master\engine\x64\debug\engine.tlog\cl.command.1.tlog
f:\外包\opengl-engine-master\engine\x64\debug\engine.tlog\cl.read.1.tlog
f:\外包\opengl-engine-master\engine\x64\debug\engine.tlog\cl.write.1.tlog
f:\外包\opengl-engine-master\engine\x64\debug\engine.tlog\lib-link.read.1.tlog
f:\外包\opengl-engine-master\engine\x64\debug\engine.tlog\lib-link.write.1.tlog
f:\外包\opengl-engine-master\engine\x64\debug\engine.tlog\lib.command.1.tlog
