f:\外包\git\holographicengine\engine\x64\debug\holographicengine.pdb
f:\外包\git\holographicengine\engine\x64\debug\holographicengine.idb
f:\外包\git\holographicengine\engine\x64\debug\shader.obj
f:\外包\git\holographicengine\engine\x64\debug\scene.obj
f:\外包\git\holographicengine\engine\x64\debug\model.obj
f:\外包\git\holographicengine\engine\x64\debug\camera.obj
f:\外包\git\holographicengine\engine\x64\debug\triangle.obj
f:\外包\git\holographicengine\engine\x64\debug\sphere.obj
f:\外包\git\holographicengine\engine\x64\debug\skybox.obj
f:\外包\git\holographicengine\engine\x64\debug\quad.obj
f:\外包\git\holographicengine\engine\x64\debug\earth.obj
f:\外包\git\holographicengine\engine\x64\debug\projectmanager.obj
f:\外包\git\holographicengine\engine\x64\debug\solarsystem.obj
f:\外包\git\holographicengine\engine\x64\debug\cube.obj
f:\外包\git\holographicengine\engine\x64\debug\init_glut.obj
f:\外包\git\holographicengine\engine\x64\debug\init_glew.obj
f:\外包\git\holographicengine\x64\debug\holographicengine.lib
f:\外包\git\holographicengine\x64\debug\holographicengine.pdb
f:\外包\git\holographicengine\engine\x64\debug\holograp.87bfef26.tlog\cl.command.1.tlog
f:\外包\git\holographicengine\engine\x64\debug\holograp.87bfef26.tlog\cl.read.1.tlog
f:\外包\git\holographicengine\engine\x64\debug\holograp.87bfef26.tlog\cl.write.1.tlog
f:\外包\git\holographicengine\engine\x64\debug\holograp.87bfef26.tlog\lib-link.read.1.tlog
f:\外包\git\holographicengine\engine\x64\debug\holograp.87bfef26.tlog\lib-link.write.1.tlog
f:\外包\git\holographicengine\engine\x64\debug\holograp.87bfef26.tlog\lib.command.1.tlog
